<?xml version="1.0" encoding="UTF-8"?>
<testsuites name="jest tests" tests="1" failures="0" errors="0" time="2.929">
  <testsuite name="jupyterlab-gallery" errors="0" failures="0" skipped="0" timestamp="2024-07-26T12:26:26" time="2.372" tests="1">
    <testcase classname="jupyterlab-gallery should be tested" name="jupyterlab-gallery should be tested" time="0.002">
    </testcase>
  </testsuite>
</testsuites>